<?xml version="1.0" encoding="UTF-8"?>
<!-- Generated by org.testng.reporters.JUnitReportReporter -->
<testsuite hostname="LAPTOP-0M241GU1" failures="0" tests="1" name="com.TestNGDemos.D09PomClient" time="2.966" errors="0" timestamp="2024-04-28T23:03:22 IST" skipped="0">
  <testcase classname="com.TestNGDemos.D09PomClient" name="login" time="2.966"/>
</testsuite> <!-- com.TestNGDemos.D09PomClient -->
